<?xml version="1.0" encoding="UTF-8"?>
<testsuite xmlns:xsi="http://www.w3.org/2001/XMLSchema-instance" xsi:noNamespaceSchemaLocation="https://maven.apache.org/surefire/maven-surefire-plugin/xsd/surefire-test-report-3.0.xsd" version="3.0" name="TestSuite" time="51.433" tests="2" errors="0" skipped="0" failures="0">
  <properties>
    <property name="sun.desktop" value="windows"/>
    <property name="awt.toolkit" value="sun.awt.windows.WToolkit"/>
    <property name="file.encoding.pkg" value="sun.io"/>
    <property name="java.specification.version" value="1.8"/>
    <property name="sun.cpu.isalist" value="amd64"/>
    <property name="sun.jnu.encoding" value="Cp1252"/>
    <property name="java.class.path" value="C:\Users\Pratik\.jenkins\Practise_Project1\target\test-classes;C:\Users\Pratik\.jenkins\Practise_Project1\target\classes;C:\Users\Pratik\.m2\repository\org\seleniumhq\selenium\selenium-java\3.141.59\selenium-java-3.141.59.jar;C:\Users\Pratik\.m2\repository\org\seleniumhq\selenium\selenium-api\3.141.59\selenium-api-3.141.59.jar;C:\Users\Pratik\.m2\repository\org\seleniumhq\selenium\selenium-chrome-driver\3.141.59\selenium-chrome-driver-3.141.59.jar;C:\Users\Pratik\.m2\repository\org\seleniumhq\selenium\selenium-edge-driver\3.141.59\selenium-edge-driver-3.141.59.jar;C:\Users\Pratik\.m2\repository\org\seleniumhq\selenium\selenium-firefox-driver\3.141.59\selenium-firefox-driver-3.141.59.jar;C:\Users\Pratik\.m2\repository\org\seleniumhq\selenium\selenium-ie-driver\3.141.59\selenium-ie-driver-3.141.59.jar;C:\Users\Pratik\.m2\repository\org\seleniumhq\selenium\selenium-opera-driver\3.141.59\selenium-opera-driver-3.141.59.jar;C:\Users\Pratik\.m2\repository\org\seleniumhq\selenium\selenium-remote-driver\3.141.59\selenium-remote-driver-3.141.59.jar;C:\Users\Pratik\.m2\repository\org\seleniumhq\selenium\selenium-safari-driver\3.141.59\selenium-safari-driver-3.141.59.jar;C:\Users\Pratik\.m2\repository\org\seleniumhq\selenium\selenium-support\3.141.59\selenium-support-3.141.59.jar;C:\Users\Pratik\.m2\repository\net\bytebuddy\byte-buddy\1.8.15\byte-buddy-1.8.15.jar;C:\Users\Pratik\.m2\repository\org\apache\commons\commons-exec\1.3\commons-exec-1.3.jar;C:\Users\Pratik\.m2\repository\com\google\guava\guava\25.0-jre\guava-25.0-jre.jar;C:\Users\Pratik\.m2\repository\com\google\code\findbugs\jsr305\1.3.9\jsr305-1.3.9.jar;C:\Users\Pratik\.m2\repository\org\checkerframework\checker-compat-qual\2.0.0\checker-compat-qual-2.0.0.jar;C:\Users\Pratik\.m2\repository\com\google\errorprone\error_prone_annotations\2.1.3\error_prone_annotations-2.1.3.jar;C:\Users\Pratik\.m2\repository\com\google\j2objc\j2objc-annotations\1.1\j2objc-annotations-1.1.jar;C:\Users\Pratik\.m2\repository\org\codehaus\mojo\animal-sniffer-annotations\1.14\animal-sniffer-annotations-1.14.jar;C:\Users\Pratik\.m2\repository\com\squareup\okhttp3\okhttp\3.11.0\okhttp-3.11.0.jar;C:\Users\Pratik\.m2\repository\com\squareup\okio\okio\1.14.0\okio-1.14.0.jar;C:\Users\Pratik\.m2\repository\org\testng\testng\6.14.3\testng-6.14.3.jar;C:\Users\Pratik\.m2\repository\com\beust\jcommander\1.72\jcommander-1.72.jar;C:\Users\Pratik\.m2\repository\org\apache-extras\beanshell\bsh\2.0b6\bsh-2.0b6.jar;C:\Users\Pratik\.m2\repository\org\apache\maven\plugins\maven-surefire-plugin\3.0.0-M3\maven-surefire-plugin-3.0.0-M3.jar;C:\Users\Pratik\.m2\repository\org\apache\maven\surefire\maven-surefire-common\3.0.0-M3\maven-surefire-common-3.0.0-M3.jar;C:\Users\Pratik\.m2\repository\org\apache\maven\surefire\surefire-api\3.0.0-M3\surefire-api-3.0.0-M3.jar;C:\Users\Pratik\.m2\repository\org\apache\maven\surefire\surefire-logger-api\3.0.0-M3\surefire-logger-api-3.0.0-M3.jar;C:\Users\Pratik\.m2\repository\org\apache\maven\surefire\surefire-booter\3.0.0-M3\surefire-booter-3.0.0-M3.jar;C:\Users\Pratik\.m2\repository\org\apache\maven\maven-toolchain\3.0-alpha-2\maven-toolchain-3.0-alpha-2.jar;C:\Users\Pratik\.m2\repository\org\apache\maven\maven-core\3.0-alpha-2\maven-core-3.0-alpha-2.jar;C:\Users\Pratik\.m2\repository\org\apache\maven\maven-lifecycle\3.0-alpha-2\maven-lifecycle-3.0-alpha-2.jar;C:\Users\Pratik\.m2\repository\org\apache\maven\maven-reporting-api\3.0-alpha-2\maven-reporting-api-3.0-alpha-2.jar;C:\Users\Pratik\.m2\repository\org\apache\maven\doxia\doxia-sink-api\1.0-alpha-9\doxia-sink-api-1.0-alpha-9.jar;C:\Users\Pratik\.m2\repository\org\apache\maven\maven-model\3.0-alpha-2\maven-model-3.0-alpha-2.jar;C:\Users\Pratik\.m2\repository\org\apache\maven\maven-plugin-api\3.0-alpha-2\maven-plugin-api-3.0-alpha-2.jar;C:\Users\Pratik\.m2\repository\org\codehaus\plexus\plexus-container-default\1.0-beta-3.0.5\plexus-container-default-1.0-beta-3.0.5.jar;C:\Users\Pratik\.m2\repository\org\apache\xbean\xbean-reflect\3.4\xbean-reflect-3.4.jar;C:\Users\Pratik\.m2\repository\log4j\log4j\1.2.12\log4j-1.2.12.jar;C:\Users\Pratik\.m2\repository\commons-logging\commons-logging-api\1.1\commons-logging-api-1.1.jar;C:\Users\Pratik\.m2\repository\com\google\code\google-collections\google-collect\snapshot-20080530\google-collect-snapshot-20080530.jar;C:\Users\Pratik\.m2\repository\org\apache\maven\maven-project\3.0-alpha-2\maven-project-3.0-alpha-2.jar;C:\Users\Pratik\.m2\repository\org\codehaus\woodstox\wstx-asl\3.2.6\wstx-asl-3.2.6.jar;C:\Users\Pratik\.m2\repository\org\apache\maven\maven-project-builder\3.0-alpha-2\maven-project-builder-3.0-alpha-2.jar;C:\Users\Pratik\.m2\repository\commons-cli\commons-cli\1.0\commons-cli-1.0.jar;C:\Users\Pratik\.m2\repository\org\codehaus\plexus\plexus-interactivity-api\1.0-alpha-6\plexus-interactivity-api-1.0-alpha-6.jar;C:\Users\Pratik\.m2\repository\org\codehaus\plexus\plexus-interpolation\1.1\plexus-interpolation-1.1.jar;C:\Users\Pratik\.m2\repository\org\codehaus\plexus\plexus-utils\1.5.6\plexus-utils-1.5.6.jar;C:\Users\Pratik\.m2\repository\org\codehaus\plexus\plexus-classworlds\1.3\plexus-classworlds-1.3.jar;C:\Users\Pratik\.m2\repository\org\codehaus\plexus\plexus-component-annotations\1.0-beta-3.0.5\plexus-component-annotations-1.0-beta-3.0.5.jar;C:\Users\Pratik\.m2\repository\org\sonatype\plexus\plexus-plugin-manager\1.0-alpha-1\plexus-plugin-manager-1.0-alpha-1.jar;C:\Users\Pratik\.m2\repository\org\apache\maven\mercury\mercury-plexus\1.0.0-alpha-2\mercury-plexus-1.0.0-alpha-2.jar;C:\Users\Pratik\.m2\repository\org\apache\maven\mercury\mercury-repo-remote-m2\1.0.0-alpha-2\mercury-repo-remote-m2-1.0.0-alpha-2.jar;C:\Users\Pratik\.m2\repository\org\apache\maven\mercury\mercury-repo-api\1.0.0-alpha-2\mercury-repo-api-1.0.0-alpha-2.jar;C:\Users\Pratik\.m2\repository\org\apache\maven\mercury\mercury-transport-api\1.0.0-alpha-2\mercury-transport-api-1.0.0-alpha-2.jar;C:\Users\Pratik\.m2\repository\org\apache\maven\mercury\mercury-crypto-api\1.0.0-alpha-2\mercury-crypto-api-1.0.0-alpha-2.jar;C:\Users\Pratik\.m2\repository\org\apache\maven\mercury\mercury-transport-http\1.0.0-alpha-2\mercury-transport-http-1.0.0-alpha-2.jar;C:\Users\Pratik\.m2\repository\org\mortbay\jetty\jetty-client\6.1.12\jetty-client-6.1.12.jar;C:\Users\Pratik\.m2\repository\org\mortbay\jetty\jetty-sslengine\6.1.12\jetty-sslengine-6.1.12.jar;C:\Users\Pratik\.m2\repository\org\mortbay\jetty\jetty\6.1.12\jetty-6.1.12.jar;C:\Users\Pratik\.m2\repository\org\mortbay\jetty\jetty-util\6.1.12\jetty-util-6.1.12.jar;C:\Users\Pratik\.m2\repository\org\mortbay\jetty\servlet-api-2.5\6.1.12\servlet-api-2.5-6.1.12.jar;C:\Users\Pratik\.m2\repository\org\apache\maven\mercury\mercury-crypto-basic\1.0.0-alpha-2\mercury-crypto-basic-1.0.0-alpha-2.jar;C:\Users\Pratik\.m2\repository\bouncycastle\bcprov-jdk15\140\bcprov-jdk15-140.jar;C:\Users\Pratik\.m2\repository\bouncycastle\bcpg-jdk15\140\bcpg-jdk15-140.jar;C:\Users\Pratik\.m2\repository\org\apache\maven\mercury\mercury-md-shared\1.0.0-alpha-2\mercury-md-shared-1.0.0-alpha-2.jar;C:\Users\Pratik\.m2\repository\org\apache\maven\mercury\mercury-util\1.0.0-alpha-2\mercury-util-1.0.0-alpha-2.jar;C:\Users\Pratik\.m2\repository\org\apache\maven\mercury\mercury-repo-local-m2\1.0.0-alpha-2\mercury-repo-local-m2-1.0.0-alpha-2.jar;C:\Users\Pratik\.m2\repository\org\apache\maven\mercury\mercury-repo-virtual\1.0.0-alpha-2\mercury-repo-virtual-1.0.0-alpha-2.jar;C:\Users\Pratik\.m2\repository\org\apache\maven\mercury\mercury-repo-cache-fs\1.0.0-alpha-2\mercury-repo-cache-fs-1.0.0-alpha-2.jar;C:\Users\Pratik\.m2\repository\org\apache\maven\mercury\mercury-md-sat\1.0.0-alpha-2\mercury-md-sat-1.0.0-alpha-2.jar;C:\Users\Pratik\.m2\repository\org\sat4j\org.sat4j.core\2.0.4\org.sat4j.core-2.0.4.jar;C:\Users\Pratik\.m2\repository\org\sat4j\org.sat4j.pb\2.0.4\org.sat4j.pb-2.0.4.jar;C:\Users\Pratik\.m2\repository\org\apache\maven\mercury\mercury-event\1.0.0-alpha-2\mercury-event-1.0.0-alpha-2.jar;C:\Users\Pratik\.m2\repository\org\apache\maven\mercury\mercury-logging\1.0.0-alpha-2\mercury-logging-1.0.0-alpha-2.jar;C:\Users\Pratik\.m2\repository\org\codehaus\plexus\plexus-lang\1.1\plexus-lang-1.1.jar;C:\Users\Pratik\.m2\repository\org\slf4j\slf4j-jdk14\1.5.3\slf4j-jdk14-1.5.3.jar;C:\Users\Pratik\.m2\repository\org\slf4j\slf4j-api\1.5.3\slf4j-api-1.5.3.jar;C:\Users\Pratik\.m2\repository\org\apache\maven\maven-mercury\3.0-alpha-2\maven-mercury-3.0-alpha-2.jar;C:\Users\Pratik\.m2\repository\org\apache\maven\mercury\mercury-artifact\1.0.0-alpha-2\mercury-artifact-1.0.0-alpha-2.jar;C:\Users\Pratik\.m2\repository\org\apache\maven\mercury\mercury-external\1.0.0-alpha-2\mercury-external-1.0.0-alpha-2.jar;C:\Users\Pratik\.m2\repository\org\sonatype\spice\model-builder\1.3\model-builder-1.3.jar;C:\Users\Pratik\.m2\repository\stax\stax-api\1.0.1\stax-api-1.0.1.jar;C:\Users\Pratik\.m2\repository\org\apache\maven\maven-compat\3.0-alpha-2\maven-compat-3.0-alpha-2.jar;C:\Users\Pratik\.m2\repository\org\apache\maven\wagon\wagon-provider-api\1.0-beta-4\wagon-provider-api-1.0-beta-4.jar;C:\Users\Pratik\.m2\repository\org\codehaus\plexus\plexus-java\1.0.1\plexus-java-1.0.1.jar;C:\Users\Pratik\.m2\repository\org\ow2\asm\asm\7.0-beta\asm-7.0-beta.jar;C:\Users\Pratik\.m2\repository\com\thoughtworks\qdox\qdox\2.0-M9\qdox-2.0-M9.jar;C:\Users\Pratik\.m2\repository\org\apache\logging\log4j\log4j-core\2.11.2\log4j-core-2.11.2.jar;C:\Users\Pratik\.m2\repository\org\apache\logging\log4j\log4j-api\2.11.2\log4j-api-2.11.2.jar;C:\Users\Pratik\.m2\repository\org\apache\poi\poi\4.0.1\poi-4.0.1.jar;C:\Users\Pratik\.m2\repository\commons-codec\commons-codec\1.11\commons-codec-1.11.jar;C:\Users\Pratik\.m2\repository\org\apache\commons\commons-collections4\4.2\commons-collections4-4.2.jar;C:\Users\Pratik\.m2\repository\org\apache\commons\commons-math3\3.6.1\commons-math3-3.6.1.jar;C:\Users\Pratik\.m2\repository\org\apache\poi\poi-ooxml\4.0.1\poi-ooxml-4.0.1.jar;C:\Users\Pratik\.m2\repository\org\apache\poi\poi-ooxml-schemas\4.0.1\poi-ooxml-schemas-4.0.1.jar;C:\Users\Pratik\.m2\repository\org\apache\xmlbeans\xmlbeans\3.0.2\xmlbeans-3.0.2.jar;C:\Users\Pratik\.m2\repository\org\apache\commons\commons-compress\1.18\commons-compress-1.18.jar;C:\Users\Pratik\.m2\repository\com\github\virtuald\curvesapi\1.05\curvesapi-1.05.jar;C:\Users\Pratik\.m2\repository\commons-io\commons-io\2.6\commons-io-2.6.jar;C:\Users\Pratik\.m2\repository\com\aventstack\extentreports\4.0.9\extentreports-4.0.9.jar;C:\Users\Pratik\.m2\repository\org\freemarker\freemarker\2.3.23\freemarker-2.3.23.jar;C:\Users\Pratik\.m2\repository\org\mongodb\mongodb-driver\3.3.0\mongodb-driver-3.3.0.jar;C:\Users\Pratik\.m2\repository\org\mongodb\mongodb-driver-core\3.3.0\mongodb-driver-core-3.3.0.jar;C:\Users\Pratik\.m2\repository\org\mongodb\bson\3.3.0\bson-3.3.0.jar;C:\Users\Pratik\.m2\repository\org\apache\httpcomponents\httpclient\4.5.2\httpclient-4.5.2.jar;C:\Users\Pratik\.m2\repository\org\apache\httpcomponents\httpcore\4.4.4\httpcore-4.4.4.jar;C:\Users\Pratik\.m2\repository\commons-logging\commons-logging\1.2\commons-logging-1.2.jar;C:\Users\Pratik\.m2\repository\org\apache\httpcomponents\httpmime\4.5.2\httpmime-4.5.2.jar;C:\Users\Pratik\.m2\repository\com\google\code\gson\gson\2.8.5\gson-2.8.5.jar;C:\Users\Pratik\.m2\repository\com\relevantcodes\extentreports\2.41.2\extentreports-2.41.2.jar;C:\Users\Pratik\.m2\repository\org\jsoup\jsoup\1.8.3\jsoup-1.8.3.jar;C:\Users\Pratik\.m2\repository\org\xerial\sqlite-jdbc\3.8.11.1\sqlite-jdbc-3.8.11.1.jar;C:\Users\Pratik\.m2\repository\mysql\mysql-connector-java\8.0.15\mysql-connector-java-8.0.15.jar;C:\Users\Pratik\.m2\repository\com\google\protobuf\protobuf-java\3.6.1\protobuf-java-3.6.1.jar;C:\Users\Pratik\.m2\repository\io\cucumber\cucumber-junit\4.2.6\cucumber-junit-4.2.6.jar;C:\Users\Pratik\.m2\repository\io\cucumber\cucumber-core\4.2.6\cucumber-core-4.2.6.jar;C:\Users\Pratik\.m2\repository\io\cucumber\cucumber-html\0.2.7\cucumber-html-0.2.7.jar;C:\Users\Pratik\.m2\repository\io\cucumber\gherkin\5.1.0\gherkin-5.1.0.jar;C:\Users\Pratik\.m2\repository\io\cucumber\tag-expressions\1.1.1\tag-expressions-1.1.1.jar;C:\Users\Pratik\.m2\repository\io\cucumber\cucumber-expressions\6.2.0\cucumber-expressions-6.2.0.jar;C:\Users\Pratik\.m2\repository\io\cucumber\datatable\1.1.12\datatable-1.1.12.jar;C:\Users\Pratik\.m2\repository\io\cucumber\datatable-dependencies\1.1.12\datatable-dependencies-1.1.12.jar;C:\Users\Pratik\.m2\repository\junit\junit\4.12\junit-4.12.jar;C:\Users\Pratik\.m2\repository\org\hamcrest\hamcrest-core\1.3\hamcrest-core-1.3.jar;C:\Users\Pratik\.m2\repository\io\cucumber\cucumber-java\4.2.6\cucumber-java-4.2.6.jar;C:\Users\Pratik\.m2\repository\io\cucumber\cucumber-testng\4.2.6\cucumber-testng-4.2.6.jar;"/>
    <property name="java.vm.vendor" value="Oracle Corporation"/>
    <property name="sun.arch.data.model" value="64"/>
    <property name="user.variant" value=""/>
    <property name="java.vendor.url" value="http://java.oracle.com/"/>
    <property name="user.timezone" value="America/Chicago"/>
    <property name="java.vm.specification.version" value="1.8"/>
    <property name="os.name" value="Windows 10"/>
    <property name="user.country" value="US"/>
    <property name="sun.java.launcher" value="SUN_STANDARD"/>
    <property name="sun.boot.library.path" value="C:\Program Files\Java\jdk1.8.0_201\jre\bin"/>
    <property name="sun.java.command" value="C:\Users\Pratik\AppData\Local\Temp\surefire3806965170536130851\surefirebooter4740926428739415280.jar C:\Users\Pratik\AppData\Local\Temp\surefire3806965170536130851 2019-03-13T00-18-41_130-jvmRun1 surefire7512115741660692490tmp surefire_04640222615479601861tmp"/>
    <property name="surefire.test.class.path" value="C:\Users\Pratik\.jenkins\Practise_Project1\target\test-classes;C:\Users\Pratik\.jenkins\Practise_Project1\target\classes;C:\Users\Pratik\.m2\repository\org\seleniumhq\selenium\selenium-java\3.141.59\selenium-java-3.141.59.jar;C:\Users\Pratik\.m2\repository\org\seleniumhq\selenium\selenium-api\3.141.59\selenium-api-3.141.59.jar;C:\Users\Pratik\.m2\repository\org\seleniumhq\selenium\selenium-chrome-driver\3.141.59\selenium-chrome-driver-3.141.59.jar;C:\Users\Pratik\.m2\repository\org\seleniumhq\selenium\selenium-edge-driver\3.141.59\selenium-edge-driver-3.141.59.jar;C:\Users\Pratik\.m2\repository\org\seleniumhq\selenium\selenium-firefox-driver\3.141.59\selenium-firefox-driver-3.141.59.jar;C:\Users\Pratik\.m2\repository\org\seleniumhq\selenium\selenium-ie-driver\3.141.59\selenium-ie-driver-3.141.59.jar;C:\Users\Pratik\.m2\repository\org\seleniumhq\selenium\selenium-opera-driver\3.141.59\selenium-opera-driver-3.141.59.jar;C:\Users\Pratik\.m2\repository\org\seleniumhq\selenium\selenium-remote-driver\3.141.59\selenium-remote-driver-3.141.59.jar;C:\Users\Pratik\.m2\repository\org\seleniumhq\selenium\selenium-safari-driver\3.141.59\selenium-safari-driver-3.141.59.jar;C:\Users\Pratik\.m2\repository\org\seleniumhq\selenium\selenium-support\3.141.59\selenium-support-3.141.59.jar;C:\Users\Pratik\.m2\repository\net\bytebuddy\byte-buddy\1.8.15\byte-buddy-1.8.15.jar;C:\Users\Pratik\.m2\repository\org\apache\commons\commons-exec\1.3\commons-exec-1.3.jar;C:\Users\Pratik\.m2\repository\com\google\guava\guava\25.0-jre\guava-25.0-jre.jar;C:\Users\Pratik\.m2\repository\com\google\code\findbugs\jsr305\1.3.9\jsr305-1.3.9.jar;C:\Users\Pratik\.m2\repository\org\checkerframework\checker-compat-qual\2.0.0\checker-compat-qual-2.0.0.jar;C:\Users\Pratik\.m2\repository\com\google\errorprone\error_prone_annotations\2.1.3\error_prone_annotations-2.1.3.jar;C:\Users\Pratik\.m2\repository\com\google\j2objc\j2objc-annotations\1.1\j2objc-annotations-1.1.jar;C:\Users\Pratik\.m2\repository\org\codehaus\mojo\animal-sniffer-annotations\1.14\animal-sniffer-annotations-1.14.jar;C:\Users\Pratik\.m2\repository\com\squareup\okhttp3\okhttp\3.11.0\okhttp-3.11.0.jar;C:\Users\Pratik\.m2\repository\com\squareup\okio\okio\1.14.0\okio-1.14.0.jar;C:\Users\Pratik\.m2\repository\org\testng\testng\6.14.3\testng-6.14.3.jar;C:\Users\Pratik\.m2\repository\com\beust\jcommander\1.72\jcommander-1.72.jar;C:\Users\Pratik\.m2\repository\org\apache-extras\beanshell\bsh\2.0b6\bsh-2.0b6.jar;C:\Users\Pratik\.m2\repository\org\apache\maven\plugins\maven-surefire-plugin\3.0.0-M3\maven-surefire-plugin-3.0.0-M3.jar;C:\Users\Pratik\.m2\repository\org\apache\maven\surefire\maven-surefire-common\3.0.0-M3\maven-surefire-common-3.0.0-M3.jar;C:\Users\Pratik\.m2\repository\org\apache\maven\surefire\surefire-api\3.0.0-M3\surefire-api-3.0.0-M3.jar;C:\Users\Pratik\.m2\repository\org\apache\maven\surefire\surefire-logger-api\3.0.0-M3\surefire-logger-api-3.0.0-M3.jar;C:\Users\Pratik\.m2\repository\org\apache\maven\surefire\surefire-booter\3.0.0-M3\surefire-booter-3.0.0-M3.jar;C:\Users\Pratik\.m2\repository\org\apache\maven\maven-toolchain\3.0-alpha-2\maven-toolchain-3.0-alpha-2.jar;C:\Users\Pratik\.m2\repository\org\apache\maven\maven-core\3.0-alpha-2\maven-core-3.0-alpha-2.jar;C:\Users\Pratik\.m2\repository\org\apache\maven\maven-lifecycle\3.0-alpha-2\maven-lifecycle-3.0-alpha-2.jar;C:\Users\Pratik\.m2\repository\org\apache\maven\maven-reporting-api\3.0-alpha-2\maven-reporting-api-3.0-alpha-2.jar;C:\Users\Pratik\.m2\repository\org\apache\maven\doxia\doxia-sink-api\1.0-alpha-9\doxia-sink-api-1.0-alpha-9.jar;C:\Users\Pratik\.m2\repository\org\apache\maven\maven-model\3.0-alpha-2\maven-model-3.0-alpha-2.jar;C:\Users\Pratik\.m2\repository\org\apache\maven\maven-plugin-api\3.0-alpha-2\maven-plugin-api-3.0-alpha-2.jar;C:\Users\Pratik\.m2\repository\org\codehaus\plexus\plexus-container-default\1.0-beta-3.0.5\plexus-container-default-1.0-beta-3.0.5.jar;C:\Users\Pratik\.m2\repository\org\apache\xbean\xbean-reflect\3.4\xbean-reflect-3.4.jar;C:\Users\Pratik\.m2\repository\log4j\log4j\1.2.12\log4j-1.2.12.jar;C:\Users\Pratik\.m2\repository\commons-logging\commons-logging-api\1.1\commons-logging-api-1.1.jar;C:\Users\Pratik\.m2\repository\com\google\code\google-collections\google-collect\snapshot-20080530\google-collect-snapshot-20080530.jar;C:\Users\Pratik\.m2\repository\org\apache\maven\maven-project\3.0-alpha-2\maven-project-3.0-alpha-2.jar;C:\Users\Pratik\.m2\repository\org\codehaus\woodstox\wstx-asl\3.2.6\wstx-asl-3.2.6.jar;C:\Users\Pratik\.m2\repository\org\apache\maven\maven-project-builder\3.0-alpha-2\maven-project-builder-3.0-alpha-2.jar;C:\Users\Pratik\.m2\repository\commons-cli\commons-cli\1.0\commons-cli-1.0.jar;C:\Users\Pratik\.m2\repository\org\codehaus\plexus\plexus-interactivity-api\1.0-alpha-6\plexus-interactivity-api-1.0-alpha-6.jar;C:\Users\Pratik\.m2\repository\org\codehaus\plexus\plexus-interpolation\1.1\plexus-interpolation-1.1.jar;C:\Users\Pratik\.m2\repository\org\codehaus\plexus\plexus-utils\1.5.6\plexus-utils-1.5.6.jar;C:\Users\Pratik\.m2\repository\org\codehaus\plexus\plexus-classworlds\1.3\plexus-classworlds-1.3.jar;C:\Users\Pratik\.m2\repository\org\codehaus\plexus\plexus-component-annotations\1.0-beta-3.0.5\plexus-component-annotations-1.0-beta-3.0.5.jar;C:\Users\Pratik\.m2\repository\org\sonatype\plexus\plexus-plugin-manager\1.0-alpha-1\plexus-plugin-manager-1.0-alpha-1.jar;C:\Users\Pratik\.m2\repository\org\apache\maven\mercury\mercury-plexus\1.0.0-alpha-2\mercury-plexus-1.0.0-alpha-2.jar;C:\Users\Pratik\.m2\repository\org\apache\maven\mercury\mercury-repo-remote-m2\1.0.0-alpha-2\mercury-repo-remote-m2-1.0.0-alpha-2.jar;C:\Users\Pratik\.m2\repository\org\apache\maven\mercury\mercury-repo-api\1.0.0-alpha-2\mercury-repo-api-1.0.0-alpha-2.jar;C:\Users\Pratik\.m2\repository\org\apache\maven\mercury\mercury-transport-api\1.0.0-alpha-2\mercury-transport-api-1.0.0-alpha-2.jar;C:\Users\Pratik\.m2\repository\org\apache\maven\mercury\mercury-crypto-api\1.0.0-alpha-2\mercury-crypto-api-1.0.0-alpha-2.jar;C:\Users\Pratik\.m2\repository\org\apache\maven\mercury\mercury-transport-http\1.0.0-alpha-2\mercury-transport-http-1.0.0-alpha-2.jar;C:\Users\Pratik\.m2\repository\org\mortbay\jetty\jetty-client\6.1.12\jetty-client-6.1.12.jar;C:\Users\Pratik\.m2\repository\org\mortbay\jetty\jetty-sslengine\6.1.12\jetty-sslengine-6.1.12.jar;C:\Users\Pratik\.m2\repository\org\mortbay\jetty\jetty\6.1.12\jetty-6.1.12.jar;C:\Users\Pratik\.m2\repository\org\mortbay\jetty\jetty-util\6.1.12\jetty-util-6.1.12.jar;C:\Users\Pratik\.m2\repository\org\mortbay\jetty\servlet-api-2.5\6.1.12\servlet-api-2.5-6.1.12.jar;C:\Users\Pratik\.m2\repository\org\apache\maven\mercury\mercury-crypto-basic\1.0.0-alpha-2\mercury-crypto-basic-1.0.0-alpha-2.jar;C:\Users\Pratik\.m2\repository\bouncycastle\bcprov-jdk15\140\bcprov-jdk15-140.jar;C:\Users\Pratik\.m2\repository\bouncycastle\bcpg-jdk15\140\bcpg-jdk15-140.jar;C:\Users\Pratik\.m2\repository\org\apache\maven\mercury\mercury-md-shared\1.0.0-alpha-2\mercury-md-shared-1.0.0-alpha-2.jar;C:\Users\Pratik\.m2\repository\org\apache\maven\mercury\mercury-util\1.0.0-alpha-2\mercury-util-1.0.0-alpha-2.jar;C:\Users\Pratik\.m2\repository\org\apache\maven\mercury\mercury-repo-local-m2\1.0.0-alpha-2\mercury-repo-local-m2-1.0.0-alpha-2.jar;C:\Users\Pratik\.m2\repository\org\apache\maven\mercury\mercury-repo-virtual\1.0.0-alpha-2\mercury-repo-virtual-1.0.0-alpha-2.jar;C:\Users\Pratik\.m2\repository\org\apache\maven\mercury\mercury-repo-cache-fs\1.0.0-alpha-2\mercury-repo-cache-fs-1.0.0-alpha-2.jar;C:\Users\Pratik\.m2\repository\org\apache\maven\mercury\mercury-md-sat\1.0.0-alpha-2\mercury-md-sat-1.0.0-alpha-2.jar;C:\Users\Pratik\.m2\repository\org\sat4j\org.sat4j.core\2.0.4\org.sat4j.core-2.0.4.jar;C:\Users\Pratik\.m2\repository\org\sat4j\org.sat4j.pb\2.0.4\org.sat4j.pb-2.0.4.jar;C:\Users\Pratik\.m2\repository\org\apache\maven\mercury\mercury-event\1.0.0-alpha-2\mercury-event-1.0.0-alpha-2.jar;C:\Users\Pratik\.m2\repository\org\apache\maven\mercury\mercury-logging\1.0.0-alpha-2\mercury-logging-1.0.0-alpha-2.jar;C:\Users\Pratik\.m2\repository\org\codehaus\plexus\plexus-lang\1.1\plexus-lang-1.1.jar;C:\Users\Pratik\.m2\repository\org\slf4j\slf4j-jdk14\1.5.3\slf4j-jdk14-1.5.3.jar;C:\Users\Pratik\.m2\repository\org\slf4j\slf4j-api\1.5.3\slf4j-api-1.5.3.jar;C:\Users\Pratik\.m2\repository\org\apache\maven\maven-mercury\3.0-alpha-2\maven-mercury-3.0-alpha-2.jar;C:\Users\Pratik\.m2\repository\org\apache\maven\mercury\mercury-artifact\1.0.0-alpha-2\mercury-artifact-1.0.0-alpha-2.jar;C:\Users\Pratik\.m2\repository\org\apache\maven\mercury\mercury-external\1.0.0-alpha-2\mercury-external-1.0.0-alpha-2.jar;C:\Users\Pratik\.m2\repository\org\sonatype\spice\model-builder\1.3\model-builder-1.3.jar;C:\Users\Pratik\.m2\repository\stax\stax-api\1.0.1\stax-api-1.0.1.jar;C:\Users\Pratik\.m2\repository\org\apache\maven\maven-compat\3.0-alpha-2\maven-compat-3.0-alpha-2.jar;C:\Users\Pratik\.m2\repository\org\apache\maven\wagon\wagon-provider-api\1.0-beta-4\wagon-provider-api-1.0-beta-4.jar;C:\Users\Pratik\.m2\repository\org\codehaus\plexus\plexus-java\1.0.1\plexus-java-1.0.1.jar;C:\Users\Pratik\.m2\repository\org\ow2\asm\asm\7.0-beta\asm-7.0-beta.jar;C:\Users\Pratik\.m2\repository\com\thoughtworks\qdox\qdox\2.0-M9\qdox-2.0-M9.jar;C:\Users\Pratik\.m2\repository\org\apache\logging\log4j\log4j-core\2.11.2\log4j-core-2.11.2.jar;C:\Users\Pratik\.m2\repository\org\apache\logging\log4j\log4j-api\2.11.2\log4j-api-2.11.2.jar;C:\Users\Pratik\.m2\repository\org\apache\poi\poi\4.0.1\poi-4.0.1.jar;C:\Users\Pratik\.m2\repository\commons-codec\commons-codec\1.11\commons-codec-1.11.jar;C:\Users\Pratik\.m2\repository\org\apache\commons\commons-collections4\4.2\commons-collections4-4.2.jar;C:\Users\Pratik\.m2\repository\org\apache\commons\commons-math3\3.6.1\commons-math3-3.6.1.jar;C:\Users\Pratik\.m2\repository\org\apache\poi\poi-ooxml\4.0.1\poi-ooxml-4.0.1.jar;C:\Users\Pratik\.m2\repository\org\apache\poi\poi-ooxml-schemas\4.0.1\poi-ooxml-schemas-4.0.1.jar;C:\Users\Pratik\.m2\repository\org\apache\xmlbeans\xmlbeans\3.0.2\xmlbeans-3.0.2.jar;C:\Users\Pratik\.m2\repository\org\apache\commons\commons-compress\1.18\commons-compress-1.18.jar;C:\Users\Pratik\.m2\repository\com\github\virtuald\curvesapi\1.05\curvesapi-1.05.jar;C:\Users\Pratik\.m2\repository\commons-io\commons-io\2.6\commons-io-2.6.jar;C:\Users\Pratik\.m2\repository\com\aventstack\extentreports\4.0.9\extentreports-4.0.9.jar;C:\Users\Pratik\.m2\repository\org\freemarker\freemarker\2.3.23\freemarker-2.3.23.jar;C:\Users\Pratik\.m2\repository\org\mongodb\mongodb-driver\3.3.0\mongodb-driver-3.3.0.jar;C:\Users\Pratik\.m2\repository\org\mongodb\mongodb-driver-core\3.3.0\mongodb-driver-core-3.3.0.jar;C:\Users\Pratik\.m2\repository\org\mongodb\bson\3.3.0\bson-3.3.0.jar;C:\Users\Pratik\.m2\repository\org\apache\httpcomponents\httpclient\4.5.2\httpclient-4.5.2.jar;C:\Users\Pratik\.m2\repository\org\apache\httpcomponents\httpcore\4.4.4\httpcore-4.4.4.jar;C:\Users\Pratik\.m2\repository\commons-logging\commons-logging\1.2\commons-logging-1.2.jar;C:\Users\Pratik\.m2\repository\org\apache\httpcomponents\httpmime\4.5.2\httpmime-4.5.2.jar;C:\Users\Pratik\.m2\repository\com\google\code\gson\gson\2.8.5\gson-2.8.5.jar;C:\Users\Pratik\.m2\repository\com\relevantcodes\extentreports\2.41.2\extentreports-2.41.2.jar;C:\Users\Pratik\.m2\repository\org\jsoup\jsoup\1.8.3\jsoup-1.8.3.jar;C:\Users\Pratik\.m2\repository\org\xerial\sqlite-jdbc\3.8.11.1\sqlite-jdbc-3.8.11.1.jar;C:\Users\Pratik\.m2\repository\mysql\mysql-connector-java\8.0.15\mysql-connector-java-8.0.15.jar;C:\Users\Pratik\.m2\repository\com\google\protobuf\protobuf-java\3.6.1\protobuf-java-3.6.1.jar;C:\Users\Pratik\.m2\repository\io\cucumber\cucumber-junit\4.2.6\cucumber-junit-4.2.6.jar;C:\Users\Pratik\.m2\repository\io\cucumber\cucumber-core\4.2.6\cucumber-core-4.2.6.jar;C:\Users\Pratik\.m2\repository\io\cucumber\cucumber-html\0.2.7\cucumber-html-0.2.7.jar;C:\Users\Pratik\.m2\repository\io\cucumber\gherkin\5.1.0\gherkin-5.1.0.jar;C:\Users\Pratik\.m2\repository\io\cucumber\tag-expressions\1.1.1\tag-expressions-1.1.1.jar;C:\Users\Pratik\.m2\repository\io\cucumber\cucumber-expressions\6.2.0\cucumber-expressions-6.2.0.jar;C:\Users\Pratik\.m2\repository\io\cucumber\datatable\1.1.12\datatable-1.1.12.jar;C:\Users\Pratik\.m2\repository\io\cucumber\datatable-dependencies\1.1.12\datatable-dependencies-1.1.12.jar;C:\Users\Pratik\.m2\repository\junit\junit\4.12\junit-4.12.jar;C:\Users\Pratik\.m2\repository\org\hamcrest\hamcrest-core\1.3\hamcrest-core-1.3.jar;C:\Users\Pratik\.m2\repository\io\cucumber\cucumber-java\4.2.6\cucumber-java-4.2.6.jar;C:\Users\Pratik\.m2\repository\io\cucumber\cucumber-testng\4.2.6\cucumber-testng-4.2.6.jar;"/>
    <property name="sun.cpu.endian" value="little"/>
    <property name="user.home" value="C:\Users\Pratik"/>
    <property name="user.language" value="en"/>
    <property name="java.specification.vendor" value="Oracle Corporation"/>
    <property name="java.home" value="C:\Program Files\Java\jdk1.8.0_201\jre"/>
    <property name="basedir" value="C:\Users\Pratik\.jenkins\Practise_Project1"/>
    <property name="file.separator" value="\"/>
    <property name="line.separator" value="&#10;"/>
    <property name="java.vm.specification.vendor" value="Oracle Corporation"/>
    <property name="java.specification.name" value="Java Platform API Specification"/>
    <property name="java.awt.graphicsenv" value="sun.awt.Win32GraphicsEnvironment"/>
    <property name="surefire.real.class.path" value="C:\Users\Pratik\AppData\Local\Temp\surefire3806965170536130851\surefirebooter4740926428739415280.jar"/>
    <property name="sun.boot.class.path" value="C:\Program Files\Java\jdk1.8.0_201\jre\lib\resources.jar;C:\Program Files\Java\jdk1.8.0_201\jre\lib\rt.jar;C:\Program Files\Java\jdk1.8.0_201\jre\lib\sunrsasign.jar;C:\Program Files\Java\jdk1.8.0_201\jre\lib\jsse.jar;C:\Program Files\Java\jdk1.8.0_201\jre\lib\jce.jar;C:\Program Files\Java\jdk1.8.0_201\jre\lib\charsets.jar;C:\Program Files\Java\jdk1.8.0_201\jre\lib\jfr.jar;C:\Program Files\Java\jdk1.8.0_201\jre\classes"/>
    <property name="user.script" value=""/>
    <property name="sun.management.compiler" value="HotSpot 64-Bit Tiered Compilers"/>
    <property name="java.runtime.version" value="1.8.0_202-b08"/>
    <property name="user.name" value="Pratik"/>
    <property name="path.separator" value=";"/>
    <property name="os.version" value="10.0"/>
    <property name="java.endorsed.dirs" value="C:\Program Files\Java\jdk1.8.0_201\jre\lib\endorsed"/>
    <property name="java.runtime.name" value="Java(TM) SE Runtime Environment"/>
    <property name="file.encoding" value="Cp1252"/>
    <property name="java.vm.name" value="Java HotSpot(TM) 64-Bit Server VM"/>
    <property name="localRepository" value="C:\Users\Pratik\.m2\repository"/>
    <property name="java.vendor.url.bug" value="http://bugreport.sun.com/bugreport/"/>
    <property name="java.io.tmpdir" value="C:\Users\Pratik\AppData\Local\Temp\"/>
    <property name="java.version" value="1.8.0_202"/>
    <property name="user.dir" value="C:\Users\Pratik\.jenkins\Practise_Project1"/>
    <property name="os.arch" value="amd64"/>
    <property name="java.vm.specification.name" value="Java Virtual Machine Specification"/>
    <property name="java.awt.printerjob" value="sun.awt.windows.WPrinterJob"/>
    <property name="sun.os.patch.level" value=""/>
    <property name="java.library.path" value="C:\Program Files\Java\jdk1.8.0_201\jre\bin;C:\Windows\Sun\Java\bin;C:\Windows\system32;C:\Windows;C:/Program Files/Java/jre1.8.0_201/bin/server;C:/Program Files/Java/jre1.8.0_201/bin;C:/Program Files/Java/jre1.8.0_201/lib/amd64;C:\Program Files (x86)\Common Files\Oracle\Java\javapath;C:\Windows\system32;C:\Windows;C:\Windows\System32\Wbem;C:\Windows\System32\WindowsPowerShell\v1.0\;C:\Windows\System32\OpenSSH\;C:\PostgreSQL\pg96\bin;C:\Program Files\Intel\WiFi\bin\;C:\Program Files\Common Files\Intel\WirelessCommon\;C:\Program Files (x86)\NVIDIA Corporation\PhysX\Common;C:\Program Files\NVIDIA Corporation\NVIDIA NvDLISR;E:\Udemy\REST API-WEBSERVICES-SOAP UI\Resources\axis2-1.6.2\bin;C:\Program Files (x86)\MySQL\MySQL Utilities 1.6\;C:\Program Files\Java\jdk1.8.0_201\bin;E:\Automation\Tools\apache-maven-3.6.0-bin\apache-maven-3.6.0\bin;C:\Users\Pratik\AppData\Local\Microsoft\WindowsApps;C:\Program Files\Intel\WiFi\bin\;C:\Program Files\Common Files\Intel\WirelessCommon\;E:\Automation\Tools\apache-maven-3.6.0-bin\apache-maven-3.6.0\bin;;C:\Users\Pratik\Desktop;;."/>
    <property name="java.vm.info" value="mixed mode"/>
    <property name="java.vendor" value="Oracle Corporation"/>
    <property name="java.vm.version" value="25.202-b08"/>
    <property name="java.ext.dirs" value="C:\Program Files\Java\jdk1.8.0_201\jre\lib\ext;C:\Windows\Sun\Java\lib\ext"/>
    <property name="sun.io.unicode.encoding" value="UnicodeLittle"/>
    <property name="java.class.version" value="52.0"/>
  </properties>
  <testcase name="runScenario" classname="testCucumber.Cucum_TestRunner" time="25.671"/>
  <testcase name="runScenario" classname="testCucumber.Cucum_TestRunner" time="23.047"/>
</testsuite>