<?xml version="1.0" encoding="UTF-8"?>
<!-- Generated by org.testng.reporters.JUnitReportReporter -->
<testsuite skipped="0" hostname="DESKTOP-0O5B5DL" name="automation.Practise_Project1.Demo1_Test" tests="1" failures="0" timestamp="10 Mar 2019 18:58:18 GMT" time="13.127" errors="0">
  <testcase name="DemoTestCase" time="13.127" classname="automation.Practise_Project1.Demo1_Test"/>
</testsuite> <!-- automation.Practise_Project1.Demo1_Test -->
