<?xml version="1.0" encoding="UTF-8"?>
<!-- Generated by org.testng.reporters.JUnitReportReporter -->
<testsuite skipped="0" hostname="DESKTOP-0O5B5DL" name="automation.Practise_Project1.DB_Test" tests="2" failures="0" timestamp="10 Mar 2019 19:01:34 GMT" time="28.919" errors="0">
  <testcase name="DBconnTest" time="0.068" classname="automation.Practise_Project1.DB_Test"/>
  <testcase name="webdriver_test" time="28.851" classname="automation.Practise_Project1.DB_Test"/>
</testsuite> <!-- automation.Practise_Project1.DB_Test -->
