<?xml version="1.0" encoding="UTF-8"?>
<!-- Generated by org.testng.reporters.JUnitReportReporter -->
<testsuite skipped="0" hostname="DESKTOP-0O5B5DL" name="automation.Practise_Project1.AssertDemo_Test" tests="1" failures="0" timestamp="10 Mar 2019 18:57:36 GMT" time="4.639" errors="0">
  <testcase name="AssertTestCase" time="4.639" classname="automation.Practise_Project1.AssertDemo_Test"/>
</testsuite> <!-- automation.Practise_Project1.AssertDemo_Test -->
