<?xml version="1.0" encoding="UTF-8"?>
<!-- Generated by org.testng.reporters.JUnitReportReporter -->
<testsuite skipped="0" hostname="DESKTOP-0O5B5DL" name="testCucumber.Cucum_TestRunner" tests="2" failures="0" timestamp="13 Mar 2019 05:19:34 GMT" time="48.721" errors="0">
  <testcase name="runScenario" time="25.662" classname="testCucumber.Cucum_TestRunner"/>
  <testcase name="runScenario" time="23.059" classname="testCucumber.Cucum_TestRunner"/>
</testsuite> <!-- testCucumber.Cucum_TestRunner -->
